<?xml version="1.0" encoding="UTF-8"?>
<!-- Generated by org.testng.reporters.JUnitReportReporter -->
<testsuite skipped="1" hostname="DELL" name="Labworks.E2EProject.HomePage" tests="1" failures="0" timestamp="22 Sep 2020 11:10:33 GMT" time="0.004" errors="0">
  <testcase name="basePageNavigation" time="0.004" classname="Labworks.E2EProject.HomePage">
    <skipped/>
  </testcase> <!-- basePageNavigation -->
</testsuite> <!-- Labworks.E2EProject.HomePage -->
