<?xml version="1.0" encoding="UTF-8"?>
<!-- Generated by org.testng.reporters.JUnitReportReporter -->
<testsuite skipped="0" hostname="DELL" name="Labworks.E2EProject.InstagramTest1" tests="1" failures="0" timestamp="26 Sep 2020 20:23:34 GMT" time="69.760" errors="0">
  <testcase name="getscribblestoriesdata" time="69.760" classname="Labworks.E2EProject.InstagramTest1"/>
</testsuite> <!-- Labworks.E2EProject.InstagramTest1 -->
