<?xml version="1.0" encoding="UTF-8"?>
<!-- Generated by org.testng.reporters.JUnitReportReporter -->
<testsuite skipped="0" hostname="DELL" name="Labworks.E2EProject.HomePage" tests="1" failures="0" timestamp="26 Sep 2020 08:55:34 GMT" time="6.421" errors="0">
  <testcase name="basePageNavigation" time="6.421" classname="Labworks.E2EProject.HomePage"/>
</testsuite> <!-- Labworks.E2EProject.HomePage -->
