<?xml version="1.0" encoding="UTF-8"?>
<!-- Generated by org.testng.reporters.JUnitReportReporter -->
<testsuite skipped="0" hostname="DELL" name="Labworks.E2EProject.rahulShettyPageTest" tests="1" failures="0" timestamp="15 Sep 2020 05:17:45 GMT" time="4.180" errors="0">
  <testcase name="testControls" time="4.180" classname="Labworks.E2EProject.rahulShettyPageTest"/>
</testsuite> <!-- Labworks.E2EProject.rahulShettyPageTest -->
