<?xml version="1.0" encoding="UTF-8"?>
<!-- Generated by org.testng.reporters.JUnitReportReporter -->
<testsuite skipped="1" hostname="DELL" name="Labworks.E2EProject.HomePage" tests="1" failures="0" timestamp="14 Sep 2020 14:27:59 GMT" time="0.003" errors="0">
  <testcase name="basePageNavigation" time="0.003" classname="Labworks.E2EProject.HomePage">
    <skipped/>
  </testcase> <!-- basePageNavigation -->
</testsuite> <!-- Labworks.E2EProject.HomePage -->
