<?xml version="1.0" encoding="UTF-8"?>
<!-- Generated by org.testng.reporters.JUnitReportReporter -->
<testsuite skipped="0" hostname="DELL" name="Labworks.E2EProject.HomePage" tests="1" failures="0" timestamp="08 Sep 2020 13:26:30 GMT" time="3.484" errors="0">
  <testcase name="basePageNavigation" time="3.484" classname="Labworks.E2EProject.HomePage"/>
</testsuite> <!-- Labworks.E2EProject.HomePage -->
